client/build/app/outputs/mapping/release/configuration.txt
# The proguard configuration file for the following section is default_proguard_files\global\proguard-android-optimize.txt-8.1.0
# This is a configuration file for ProGuard.
# http://proguard.sourceforge.net/index.html#manual/usage.html
#
# Starting with version 2.2 of the Android plugin for Gradle, this file is distributed together with
# the plugin and unpacked at build-time. The files in $ANDROID_HOME are no longer maintained and
# will be ignored by new version of the Android plugin for Gradle.

# Optimizations: If you don't want to optimize, use the proguard-android.txt configuration file
# instead of this one, which turns off the optimization flags.
# Adding optimization introduces certain risks, since for example not all optimizations performed by
# ProGuard works on all versions of Dalvik.  The following flags turn off various optimizations
# known to have issues, but the list may not be complete or up to date. (The "arithmetic"
# optimization can be used if you are only targeting Android 2.0 or later.)  Make sure you test
# thoroughly if you go this route.
-optimizations !code/simplification/arithmetic,!code/simplification/cast,!field/*,!class/merging/*
-optimizationpasses 5
-allowaccessmodification

-dontusemixedcaseclassnames
-dontskipnonpubliclibraryclasses
-verbose

# Preserve some attributes that may be required for reflection.
-keepattributes AnnotationDefault,
                EnclosingMethod,
                InnerClasses,
                RuntimeVisibleAnnotations,
                RuntimeVisibleParameterAnnotations,
                RuntimeVisibleTypeAnnotations,
                Signature

-keep public class com.google.vending.licensing.ILicensingService
-keep public class com.android.vending.licensing.ILicensingService
-keep public class com.google.android.vending.licensing.ILicensingService
-dontnote com.android.vending.licensing.ILicensingService
-dontnote com.google.vending.licensing.ILicensingService
-dontnote com.google.android.vending.licensing.ILicensingService

# For native methods, see http://proguard.sourceforge.net/manual/examples.html#native
-keepclasseswithmembernames,includedescriptorclasses class * {
    native <methods>;
}

# Keep setters in Views so that animations can still work.
-keepclassmembers public class * extends android.view.View {
    void set*(***);
    *** get*();
}

# We want to keep methods in Activity that could be used in the XML attribute onClick.
-keepclassmembers class * extends android.app.Activity {
    public void *(android.view.View);
}

# For enumeration classes, see http://proguard.sourceforge.net/manual/examples.html#enumerations
-keepclassmembers enum * {
    public static **[] values();
    public static ** valueOf(java.lang.String);
}

-keepclassmembers class * implements android.os.Parcelable {
    public static final ** CREATOR;
}

# Preserve annotated Javascript interface methods.
-keepclassmembers class * {
    @android.webkit.JavascriptInterface <methods>;
}

# The support libraries contains references to newer platform versions.
# Don't warn about those in case this app is linking against an older
# platform version. We know about them, and they are safe.
-dontnote android.support.**
-dontnote androidx.**
-dontwarn android.support.**
-dontwarn androidx.**

# This class is deprecated, but remains for backward compatibility.
-dontwarn android.util.FloatMath

# Understand the @Keep support annotation.
-keep class android.support.annotation.Keep
-keep class androidx.annotation.Keep

-keep @android.support.annotation.Keep class * {*;}
-keep @androidx.annotation.Keep class * {*;}

-keepclasseswithmembers class * {
    @android.support.annotation.Keep <methods>;
}

-keepclasseswithmembers class * {
    @androidx.annotation.Keep <methods>;
}

-keepclasseswithmembers class * {
    @android.support.annotation.Keep <fields>;
}

-keepclasseswithmembers class * {
    @androidx.annotation.Keep <fields>;
}

-keepclasseswithmembers class * {
    @android.support.annotation.Keep <init>(...);
}

-keepclasseswithmembers class * {
    @androidx.annotation.Keep <init>(...);
}

# These classes are duplicated between android.jar and org.apache.http.legacy.jar.
-dontnote org.apache.http.**
-dontnote android.net.http.**

# These classes are duplicated between android.jar and core-lambda-stubs.jar.
-dontnote java.lang.invoke.**

# End of content from default_proguard_files\global\proguard-android-optimize.txt-8.1.0
# The proguard configuration file for the following section is flutter_tools\gradle\flutter_proguard_rules.pro
# Build the ephemeral app in a module project.
# Prevents: Warning: library class <plugin-package> depends on program class io.flutter.plugin.**
# This is due to plugins (libraries) depending on the embedding (the program jar)
-dontwarn io.flutter.plugin.**

# The android.** package is provided by the OS at runtime.
-dontwarn android.**

# In some cases, R8 is incorrectly stripping plugin classes. Keep
# all implementations of FlutterPlugin until we can determine
# why this is the case.
# See https://github.com/flutter/flutter/issues/154580.
-if class * implements io.flutter.embedding.engine.plugins.FlutterPlugin
-keep,allowshrinking,allowobfuscation class <1>

# End of content from flutter_tools\gradle\flutter_proguard_rules.pro
# The proguard configuration file for the following section is aapt_proguard_file\release\aapt_rules.txt
-keep class android.app.Application { <init>(); }
-keep class androidx.core.app.CoreComponentFactory { <init>(); }
-keep class androidx.profileinstaller.ProfileInstallReceiver { <init>(); }
-keep class androidx.startup.InitializationProvider { <init>(); }
-keep class com.ryanheise.audioservice.AudioService { <init>(); }
-keep class com.ryanheise.audioservice.AudioServiceActivity { <init>(); }
-keep class com.ryanheise.audioservice.MediaButtonReceiver { <init>(); }
-keep class android.widget.Space { <init>(android.content.Context, android.util.AttributeSet); }

-keep class androidx.appcompat.app.AlertController$RecycleListView { <init>(android.content.Context, android.util.AttributeSet); }

-keep class androidx.appcompat.view.menu.ActionMenuItemView { <init>(android.content.Context, android.util.AttributeSet); }

-keep class androidx.appcompat.view.menu.ExpandedMenuView { <init>(android.content.Context, android.util.AttributeSet); }

-keep class androidx.appcompat.view.menu.ListMenuItemView { <init>(android.content.Context, android.util.AttributeSet); }

-keep class androidx.appcompat.widget.ActionBarContainer { <init>(android.content.Context, android.util.AttributeSet); }

-keep class androidx.appcompat.widget.ActionBarContextView { <init>(android.content.Context, android.util.AttributeSet); }

-keep class androidx.appcompat.widget.ActionBarOverlayLayout { <init>(android.content.Context, android.util.AttributeSet); }

-keep class androidx.appcompat.widget.ActionMenuView { <init>(android.content.Context, android.util.AttributeSet); }

-keep class androidx.appcompat.widget.ActivityChooserView$InnerLayout { <init>(android.content.Context, android.util.AttributeSet); }

-keep class androidx.appcompat.widget.AlertDialogLayout { <init>(android.content.Context, android.util.AttributeSet); }

-keep class androidx.appcompat.widget.ButtonBarLayout { <init>(android.content.Context, android.util.AttributeSet); }

-keep class androidx.appcompat.widget.ContentFrameLayout { <init>(android.content.Context, android.util.AttributeSet); }

-keep class androidx.appcompat.widget.DialogTitle { <init>(android.content.Context, android.util.AttributeSet); }

-keep class androidx.appcompat.widget.FitWindowsFrameLayout { <init>(android.content.Context, android.util.AttributeSet); }

-keep class androidx.appcompat.widget.FitWindowsLinearLayout { <init>(android.content.Context, android.util.AttributeSet); }

-keep class androidx.appcompat.widget.SearchView$SearchAutoComplete { <init>(android.content.Context, android.util.AttributeSet); }

-keep class androidx.appcompat.widget.SwitchCompat { <init>(android.content.Context, android.util.AttributeSet); }

-keep class androidx.appcompat.widget.Toolbar { <init>(android.content.Context, android.util.AttributeSet); }

-keep class androidx.appcompat.widget.ViewStubCompat { <init>(android.content.Context, android.util.AttributeSet); }

-keep class androidx.core.widget.NestedScrollView { <init>(android.content.Context, android.util.AttributeSet); }

-keep class androidx.preference.UnPressableLinearLayout { <init>(android.content.Context, android.util.AttributeSet); }

-keep class androidx.preference.internal.PreferenceImageView { <init>(android.content.Context, android.util.AttributeSet); }

-keep class androidx.recyclerview.widget.RecyclerView { <init>(android.content.Context, android.util.AttributeSet); }

-keep class com.google.android.exoplayer2.ui.AspectRatioFrameLayout { <init>(android.content.Context, android.util.AttributeSet); }

-keep class com.google.android.exoplayer2.ui.SubtitleView { <init>(android.content.Context, android.util.AttributeSet); }

-keep class com.google.android.exoplayer2.ui.TrackSelectionView { <init>(android.content.Context, android.util.AttributeSet); }


# End of content from aapt_proguard_file\release\aapt_rules.txt
# The proguard configuration file for the following section is release\lib0\proguard.txt
# The point of this package is to specify that a dependent plugin intends to
# use the AndroidX lifecycle classes. Make sure no R8 heuristics shrink classes
# brought in by the embedding's pom.
#
# This isn't strictly needed since by definition, plugins using Android
# lifecycles should implement DefaultLifecycleObserver and therefore keep it
# from being shrunk. But there seems to be an R8 bug so this needs to stay
# https://issuetracker.google.com/issues/142778206.
-keep class androidx.lifecycle.DefaultLifecycleObserver

# End of content from release\lib0\proguard.txt
# The proguard configuration file for the following section is transformed\jetified-datastore-preferences-1.0.0\proguard.txt
-keepclassmembers class * extends androidx.datastore.preferences.protobuf.GeneratedMessageLite {
    <fields>;
}
# End of content from transformed\jetified-datastore-preferences-1.0.0\proguard.txt
# The proguard configuration file for the following section is transformed\jetified-exoplayer-ui-2.17.1\proguard.txt
# Proguard rules specific to the UI module.

# Constructor method accessed via reflection in StyledPlayerView
-dontnote com.google.android.exoplayer2.video.spherical.SphericalGLSurfaceView
-keepclassmembers class com.google.android.exoplayer2.video.spherical.SphericalGLSurfaceView {
  <init>(android.content.Context);
}
-dontnote com.google.android.exoplayer2.video.VideoDecoderGLSurfaceView
-keepclassmembers class com.google.android.exoplayer2.video.VideoDecoderGLSurfaceView {
  <init>(android.content.Context);
}

# Constructor method accessed via reflection in TrackSelectionDialogBuilder
-dontnote androidx.appcompat.app.AlertDialog.Builder
-keepclassmembers class androidx.appcompat.app.AlertDialog$Builder {
  <init>(android.content.Context, int);
  public android.content.Context getContext();
  public androidx.appcompat.app.AlertDialog$Builder setTitle(java.lang.CharSequence);
  public androidx.appcompat.app.AlertDialog$Builder setView(android.view.View);
  public androidx.appcompat.app.AlertDialog$Builder setPositiveButton(int, android.content.DialogInterface$OnClickListener);
  public androidx.appcompat.app.AlertDialog$Builder setNegativeButton(int, android.content.DialogInterface$OnClickListener);
  public androidx.appcompat.app.AlertDialog create();
}
# Equivalent methods needed when the library is de-jetified.
-dontnote androidx.appcompat.app.AlertDialog.Builder
-keepclassmembers class androidx.appcompat.app.AlertDialog$Builder {
  <init>(android.content.Context, int);
  public android.content.Context getContext();
  public androidx.appcompat.app.AlertDialog$Builder setTitle(java.lang.CharSequence);
  public androidx.appcompat.app.AlertDialog$Builder setView(android.view.View);
  public androidx.appcompat.app.AlertDialog$Builder setPositiveButton(int, android.content.DialogInterface$OnClickListener);
  public androidx.appcompat.app.AlertDialog$Builder setNegativeButton(int, android.content.DialogInterface$OnClickListener);
  public androidx.appcompat.app.AlertDialog create();
}

# Don't warn about checkerframework and Kotlin annotations
-dontwarn org.checkerframework.**
-dontwarn kotlin.annotations.jvm.**
-dontwarn javax.annotation.**

# End of content from transformed\jetified-exoplayer-ui-2.17.1\proguard.txt
# The proguard configuration file for the following section is transformed\media-1.7.0\proguard.txt
# Copyright (C) 2017 The Android Open Source Project
#
# Licensed under the Apache License, Version 2.0 (the "License");
# you may not use this file except in compliance with the License.
# You may obtain a copy of the License at
#
#      http://www.apache.org/licenses/LICENSE-2.0
#
# Unless required by applicable law or agreed to in writing, software
# distributed under the License is distributed on an "AS IS" BASIS,
# WITHOUT WARRANTIES OR CONDITIONS OF ANY KIND, either express or implied.
# See the License for the specific language governing permissions and
# limitations under the License.

# Prevent Parcelable objects from being removed or renamed.
-keep class android.support.v4.media.** implements android.os.Parcelable {
    public static final android.os.Parcelable$Creator *;
}

# Prevent Parcelable objects from being removed or renamed.
-keep class androidx.media.** implements android.os.Parcelable {
    public static final android.os.Parcelable$Creator *;
}
# End of content from transformed\media-1.7.0\proguard.txt
# The proguard configuration file for the following section is transformed\jetified-exoplayer-core-2.18.7\proguard.txt
# Proguard rules specific to the core module.

# Constructors accessed via reflection in DefaultRenderersFactory
-dontnote com.google.android.exoplayer2.ext.vp9.LibvpxVideoRenderer
-keepclassmembers class com.google.android.exoplayer2.ext.vp9.LibvpxVideoRenderer {
  <init>(long, android.os.Handler, com.google.android.exoplayer2.video.VideoRendererEventListener, int);
}
-dontnote com.google.android.exoplayer2.ext.av1.Libgav1VideoRenderer
-keepclassmembers class com.google.android.exoplayer2.ext.av1.Libgav1VideoRenderer {
  <init>(long, android.os.Handler, com.google.android.exoplayer2.video.VideoRendererEventListener, int);
}
-dontnote com.google.android.exoplayer2.ext.opus.LibopusAudioRenderer
-keepclassmembers class com.google.android.exoplayer2.ext.opus.LibopusAudioRenderer {
  <init>(android.os.Handler, com.google.android.exoplayer2.audio.AudioRendererEventListener, com.google.android.exoplayer2.audio.AudioSink);
}
-dontnote com.google.android.exoplayer2.ext.flac.LibflacAudioRenderer
-keepclassmembers class com.google.android.exoplayer2.ext.flac.LibflacAudioRenderer {
  <init>(android.os.Handler, com.google.android.exoplayer2.audio.AudioRendererEventListener, com.google.android.exoplayer2.audio.AudioSink);
}
-dontnote com.google.android.exoplayer2.ext.ffmpeg.FfmpegAudioRenderer
-keepclassmembers class com.google.android.exoplayer2.ext.ffmpeg.FfmpegAudioRenderer {
  <init>(android.os.Handler, com.google.android.exoplayer2.audio.AudioRendererEventListener, com.google.android.exoplayer2.audio.AudioSink);
}

# Constructors accessed via reflection in DefaultDownloaderFactory
-dontnote com.google.android.exoplayer2.source.dash.offline.DashDownloader
-keepclassmembers class com.google.android.exoplayer2.source.dash.offline.DashDownloader {
  <init>(com.google.android.exoplayer2.MediaItem, com.google.android.exoplayer2.upstream.cache.CacheDataSource$Factory, java.util.concurrent.Executor);
}
-dontnote com.google.android.exoplayer2.source.hls.offline.HlsDownloader
-keepclassmembers class com.google.android.exoplayer2.source.hls.offline.HlsDownloader {
  <init>(com.google.android.exoplayer2.MediaItem, com.google.android.exoplayer2.upstream.cache.CacheDataSource$Factory, java.util.concurrent.Executor);
}
-dontnote com.google.android.exoplayer2.source.smoothstreaming.offline.SsDownloader
-keepclassmembers class com.google.android.exoplayer2.source.smoothstreaming.offline.SsDownloader {
  <init>(com.google.android.exoplayer2.MediaItem, com.google.android.exoplayer2.upstream.cache.CacheDataSource$Factory, java.util.concurrent.Executor);
}

# Constructors accessed via reflection in DefaultMediaSourceFactory
-dontnote com.google.android.exoplayer2.source.dash.DashMediaSource$Factory
-keepclasseswithmembers class com.google.android.exoplayer2.source.dash.DashMediaSource$Factory {
  <init>(com.google.android.exoplayer2.upstream.DataSource$Factory);
}
-dontnote com.google.android.exoplayer2.source.hls.HlsMediaSource$Factory
-keepclasseswithmembers class com.google.android.exoplayer2.source.hls.HlsMediaSource$Factory {
  <init>(com.google.android.exoplayer2.upstream.DataSource$Factory);
}
-dontnote com.google.android.exoplayer2.source.smoothstreaming.SsMediaSource$Factory
-keepclasseswithmembers class com.google.android.exoplayer2.source.smoothstreaming.SsMediaSource$Factory {
  <init>(com.google.android.exoplayer2.upstream.DataSource$Factory);
}
-dontnote com.google.android.exoplayer2.source.rtsp.RtspMediaSource$Factory
-keepclasseswithmembers class com.google.android.exoplayer2.source.rtsp.RtspMediaSource$Factory {
  <init>();
}

# End of content from transformed\jetified-exoplayer-core-2.18.7\proguard.txt
# The proguard configuration file for the following section is transformed\preference-1.2.1\proguard.txt
# Copyright (C) 2015 The Android Open Source Project
#
# Licensed under the Apache License, Version 2.0 (the "License");
# you may not use this file except in compliance with the License.
# You may obtain a copy of the License at
#
#      http://www.apache.org/licenses/LICENSE-2.0
#
# Unless required by applicable law or agreed to in writing, software
# distributed under the License is distributed on an "AS IS" BASIS,
# WITHOUT WARRANTIES OR CONDITIONS OF ANY KIND, either express or implied.
# See the License for the specific language governing permissions and
# limitations under the License.

# Preference objects are inflated via reflection
-keep public class androidx.preference.Preference {
    public <init>(android.content.Context, android.util.AttributeSet);
}
-keep public class * extends androidx.preference.Preference {
    public <init>(android.content.Context, android.util.AttributeSet);
}

# End of content from transformed\preference-1.2.1\proguard.txt
# The proguard configuration file for the following section is transformed\jetified-window-1.2.0\proguard.txt
# Copyright (C) 2020 The Android Open Source Project
#
# Licensed under the Apache License, Version 2.0 (the "License");
# you may not use this file except in compliance with the License.
# You may obtain a copy of the License at
#
#      http://www.apache.org/licenses/LICENSE-2.0
#
# Unless required by applicable law or agreed to in writing, software
# distributed under the License is distributed on an "AS IS" BASIS,
# WITHOUT WARRANTIES OR CONDITIONS OF ANY KIND, either express or implied.
# See the License for the specific language governing permissions and
# limitations under the License.

# A rule that will keep classes that implement SidecarInterface$SidecarCallback if Sidecar seems
# be used. See b/157286362 and b/165268619 for details.
# TODO(b/208543178) investigate how to pass header jar to R8 so we don't need this rule
-if class androidx.window.layout.adapter.sidecar.SidecarCompat {
  public *** setExtensionCallback(androidx.window.layout.adapter.sidecar.ExtensionInterfaceCompat$ExtensionCallbackInterface);
}
-keep class androidx.window.layout.adapter.sidecar.SidecarCompat$TranslatingCallback,
 androidx.window.layout.adapter.sidecar.DistinctElementSidecarCallback {
  public *** onDeviceStateChanged(androidx.window.sidecar.SidecarDeviceState);