client/build/app/outputs/mapping/release/seeds.txt
androidx.appcompat.widget.ContentFrameLayout
io.flutter.view.TextureRegistry$SurfaceTextureEntry
com.google.android.exoplayer2.source.smoothstreaming.SsMediaSource$Factory
androidx.appcompat.widget.ActionMenuView
android.support.v4.media.RatingCompat
androidx.appcompat.widget.FitWindowsFrameLayout
com.tekartik.sqflite.SqflitePlugin
androidx.media.AudioAttributesImplApi26
androidx.preference.internal.PreferenceImageView
android.support.v4.media.MediaBrowserCompat$ItemReceiver
android.support.v4.graphics.drawable.IconCompatParcelizer
android.support.v4.media.session.PlaybackStateCompat
com.google.android.exoplayer2.source.hls.HlsMediaSource$Factory
com.ryanheise.just_audio.JustAudioPlugin
io.flutter.embedding.engine.FlutterJNI
androidx.appcompat.widget.SwitchCompat
io.flutter.plugins.flutter_plugin_android_lifecycle.FlutterAndroidLifecyclePlugin
androidx.appcompat.widget.AlertDialogLayout
androidx.recyclerview.widget.StaggeredGridLayoutManager
io.flutter.embedding.engine.renderer.FlutterRenderer$ImageReaderSurfaceProducer: io.flutter.embedding.engine.renderer.FlutterRenderer this$0
kotlinx.coroutines.UndispatchedCoroutine: boolean threadLocalIsSet
com.google.android.exoplayer2.source.hls.HlsTrackMetadataEntry$VariantInfo: android.os.Parcelable$Creator CREATOR
com.google.android.exoplayer2.metadata.mp4.SmtaMetadataEntry: android.os.Parcelable$Creator CREATOR
io.flutter.embedding.engine.renderer.FlutterRenderer$ImageReaderSurfaceProducer: java.util.HashMap perImageReaders
kotlinx.coroutines.scheduling.CoroutineScheduler$Worker: java.lang.Object nextParkedWorker
kotlinx.coroutines.scheduling.CoroutineScheduler$Worker: int indexInArray
io.flutter.plugin.platform.SingleViewPresentation: android.content.Context outerContext
kotlinx.coroutines.channels.BufferedChannel: java.lang.Object sendSegment
android.support.v4.media.session.PlaybackStateCompat$CustomAction: android.os.Parcelable$Creator CREATOR
com.google.android.exoplayer2.metadata.flac.PictureFrame: android.os.Parcelable$Creator CREATOR
com.google.android.exoplayer2.metadata.scte35.SpliceInsertCommand: android.os.Parcelable$Creator CREATOR
androidx.concurrent.futures.AbstractResolvableFuture$Waiter: java.lang.Thread thread
kotlinx.coroutines.channels.BufferedChannel: long completedExpandBuffersAndPauseFlag
io.flutter.embedding.engine.FlutterJNI: java.lang.String TAG
io.flutter.embedding.engine.FlutterJNI: io.flutter.embedding.engine.FlutterJNI$AsyncWaitForVsyncDelegate asyncWaitForVsyncDelegate
com.google.android.exoplayer2.metadata.flac.VorbisComment: android.os.Parcelable$Creator CREATOR
android.support.v4.media.session.MediaSessionCompat$QueueItem: android.os.Parcelable$Creator CREATOR
com.google.android.exoplayer2.metadata.id3.ChapterFrame: android.os.Parcelable$Creator CREATOR
androidx.lifecycle.Lifecycle$Event: androidx.lifecycle.Lifecycle$Event ON_ANY
com.google.android.exoplayer2.metadata.scte35.SpliceNullCommand: android.os.Parcelable$Creator CREATOR
io.flutter.embedding.engine.renderer.FlutterRenderer$ImageReaderSurfaceProducer: boolean ignoringFence
androidx.datastore.preferences.PreferencesProto$Value: int BOOLEAN_FIELD_NUMBER
kotlinx.coroutines.channels.BufferedChannel: java.lang.Object _closeCause
androidx.datastore.preferences.PreferencesProto$Value: androidx.datastore.preferences.PreferencesProto$Value DEFAULT_INSTANCE
com.google.android.exoplayer2.metadata.Metadata: android.os.Parcelable$Creator CREATOR
kotlinx.coroutines.CancelledContinuation: int _resumed
kotlinx.coroutines.android.HandlerDispatcherKt: android.view.Choreographer choreographer
io.flutter.embedding.engine.FlutterJNI: float refreshRateFPS
androidx.datastore.preferences.PreferencesProto$Value: int DOUBLE_FIELD_NUMBER
android.support.v4.media.session.ParcelableVolumeInfo: android.os.Parcelable$Creator CREATOR
kotlinx.coroutines.android.HandlerContext: kotlinx.coroutines.android.HandlerContext _immediate
io.flutter.embedding.engine.renderer.SurfaceTextureWrapper: boolean newFrameAvailable