client/build/app/outputs/mapping/release/mapping.txt
# compiler: R8
# compiler_version: 8.1.56
# min_api: 23
# common_typos_disable
# {"id":"com.android.tools.r8.mapping","version":"2.2"}
# pg_map_id: a558a3e
# pg_map_hash: SHA-256 a558a3e70f1a38c1f48080884c50576cb97a40a08730d5d020e33ab06092c7d4
...
androidx.appcompat.widget.SearchView$10 -> k.b1:
    androidx.appcompat.widget.SearchView this$0 -> l
    1:1:void <init>(androidx.appcompat.widget.SearchView):0:0 -> <init>
    1:1:void afterTextChanged(android.text.Editable):0:0 -> afterTextChanged
    1:1:void beforeTextChanged(java.lang.CharSequence,int,int,int):0:0 -> beforeTextChanged
    1:4:void androidx.appcompat.widget.SearchView.onTextChanged(java.lang.CharSequence):0:0 -> onTextChanged
    1:4:void onTextChanged(java.lang.CharSequence,int,int,int):0 -> onTextChanged
      # {"id":"com.android.tools.r8.rewriteFrame","conditions":["throws(Ljava/lang/NullPointerException;)"],"actions":["removeInnerFrames(1)"]}
    5:21:void androidx.appcompat.widget.SearchView.onTextChanged(java.lang.CharSequence):0:0 -> onTextChanged
    5:21:void onTextChanged(java.lang.CharSequence,int,int,int):0 -> onTextChanged
    22:27:void androidx.appcompat.widget.SearchView.updateVoiceButton(boolean):0:0 -> onTextChanged
    22:27:void androidx.appcompat.widget.SearchView.onTextChanged(java.lang.CharSequence):0 -> onTextChanged
    22:27:void onTextChanged(java.lang.CharSequence,int,int,int):0 -> onTextChanged
    28:33:boolean androidx.appcompat.widget.SearchView.isIconified():0:0 -> onTextChanged
    28:33:void androidx.appcompat.widget.SearchView.updateVoiceButton(boolean):0 -> onTextChanged
    28:33:void androidx.appcompat.widget.SearchView.onTextChanged(java.lang.CharSequence):0 -> onTextChanged
androidx.appcompat.widget.SearchView$3 -> k.d1:
    androidx.appcompat.widget.SearchView this$0 -> a
    1:1:void <init>(androidx.appcompat.widget.SearchView):0:0 -> <init>
    1:1:void onFocusChange(android.view.View,boolean):0:0 -> onFocusChange
androidx.appcompat.widget.SearchView$4 -> k.e1:
    androidx.appcompat.widget.SearchView this$0 -> a
    1:1:void <init>(androidx.appcompat.widget.SearchView):0:0 -> <init>
    1:4:void androidx.appcompat.widget.SearchView.adjustDropDownSizeAndPosition():0:0 -> onLayoutChange
    1:4:void onLayoutChange(android.view.View,int,int,int,int,int,int,int,int):0 -> onLayoutChange
      # {"id":"com.android.tools.r8.rewriteFrame","conditions":["throws(Ljava/lang/NullPointerException;)"],"actions":["removeInnerFrames(1)"]}
    5:94:void androidx.appcompat.widget.SearchView.adjustDropDownSizeAndPosition():0:0 -> onLayoutChange
    5:94:void onLayoutChange(android.view.View,int,int,int,int,int,int,int,int):0 -> onLayoutChange
androidx.appcompat.widget.SearchView$5 -> androidx.appcompat.widget.a:
    androidx.appcompat.widget.SearchView this$0 -> l
    10:27:void androidx.appcompat.widget.SearchView.onSearchClicked():0:0 -> onClick
    10:27:void onClick(android.view.View):0 -> onClick
    28:47:void onClick(android.view.View):0:0 -> onClick
    48:52:void androidx.appcompat.widget.SearchView.onVoiceClicked():0:0 -> onClick
    48:52:void onClick(android.view.View):0 -> onClick
      # {"id":"com.android.tools.r8.rewriteFrame","conditions":["throws(Ljava/lang/NullPointerException;)"],"actions":["removeInnerFrames(1)"]}
    53:60:void androidx.appcompat.widget.SearchView.onVoiceClicked():0:0 -> onClick
    53:60:void onClick(android.view.View):0 -> onClick
    61:82:android.content.Intent androidx.appcompat.widget.SearchView.createVoiceWebSearchIntent(android.content.Intent,android.app.SearchableInfo):0:0 -> onClick
    61:82:void androidx.appcompat.widget.SearchView.onVoiceClicked():0 -> onClick
    61:82:void onClick(android.view.View):0 -> onClick
    83:120:void androidx.appcompat.widget.SearchView.onVoiceClicked():0:0 -> onClick
    83:120:void onClick(android.view.View):0 -> onClick
    121:124:void onClick(android.view.View):0:0 -> onClick