client/build/app/outputs/mapping/release/usage.txt
com.example.client.MainActivity
com.example.client.R$drawable
com.example.client.R$mipmap
com.example.client.R$style
com.example.client.R
...
androidx.media.MediaSessionManager$MediaSessionManagerImpl
androidx.media.MediaSessionManager$RemoteUserInfo:
    public static final java.lang.String LEGACY_CONTROLLER
    public static final int UNKNOWN_PID
    public static final int UNKNOWN_UID
    public java.lang.String getPackageName()
    public int getPid()
    public int getUid()
androidx.media.MediaSessionManager$RemoteUserInfoImpl:
    public abstract java.lang.String getPackageName()
    public abstract int getPid()
    public abstract int getUid()
androidx.media.MediaSessionManager
androidx.media.MediaSessionManagerImplApi21
androidx.media.MediaSessionManagerImplApi28
androidx.media.MediaSessionManagerImplBase$RemoteUserInfoImplBase:
    public java.lang.String getPackageName()
    public int getPid()
    public int getUid()
androidx.media.MediaSessionManagerImplBase
androidx.media.R$color
androidx.media.R$id:
    public static int action_divider
    public static int chronometer
    public static int icon
    public static int info
    public static int line1
    public static int line3
    public static int notification_main_column
    public static int notification_main_column_container
    public static int right_side
    public static int status_bar_latest_event_content
    public static int text
    public static int text2
    public static int time
    public static int title
    private void <init>()
androidx.media.R$integer:
    private void <init>()
androidx.media.R$layout:
    public static int notification_media_cancel_action
    public static int notification_template_big_media_custom
    public static int notification_template_big_media_narrow_custom
    public static int notification_template_lines_media
    public static int notification_template_media_custom
    private void <init>()
androidx.media.R$style
androidx.media.R
androidx.media.VolumeProviderCompat$Api21Impl:
    private void <init>()
androidx.media.VolumeProviderCompat$ControlType
androidx.media.VolumeProviderCompat:
    public static final int VOLUME_CONTROL_ABSOLUTE
    public static final int VOLUME_CONTROL_FIXED
    public static final int VOLUME_CONTROL_RELATIVE
    public final java.lang.String getVolumeControlId()
androidx.media.app.NotificationCompat$Api15Impl:
    private void <init>()
androidx.media.app.NotificationCompat$Api21Impl:
    private void <init>()
androidx.media.app.NotificationCompat$Api24Impl
androidx.media.app.NotificationCompat$Api34Impl:
    private void <init>()
androidx.media.app.NotificationCompat$DecoratedMediaCustomViewStyle
androidx.media.app.NotificationCompat$MediaStyle:
    private static final int MAX_MEDIA_BUTTONS
    private static final int MAX_MEDIA_BUTTONS_IN_COMPACT
    public void <init>(androidx.core.app.NotificationCompat$Builder)
    public static android.support.v4.media.session.MediaSessionCompat$Token getMediaSession(android.app.Notification)
    public androidx.media.app.NotificationCompat$MediaStyle setRemotePlaybackInfo(java.lang.CharSequence,int,android.app.PendingIntent)
androidx.media.app.NotificationCompat
androidx.media.session.MediaButtonReceiver$Api31:
    private void <init>()
androidx.media.session.MediaButtonReceiver:
    private static final java.lang.String TAG
    public static android.app.PendingIntent buildMediaButtonPendingIntent(android.content.Context,long)
    public static android.app.PendingIntent buildMediaButtonPendingIntent(android.content.Context,android.content.ComponentName,long)
androidx.media.utils.MediaConstants
androidx.multidex.BuildConfig
androidx.multidex.MultiDex$V14$ElementConstructor
androidx.multidex.MultiDex$V14$ICSElementConstructor
androidx.multidex.MultiDex$V14$JBMR11ElementConstructor
androidx.multidex.MultiDex$V14$JBMR2ElementConstructor
androidx.multidex.MultiDex$V14
androidx.multidex.MultiDex$V19
androidx.multidex.MultiDex$V4
androidx.multidex.MultiDex
androidx.multidex.MultiDexApplication
androidx.multidex.MultiDexExtractor$1
androidx.multidex.MultiDexExtractor$ExtractedDex